[   36568ms] [ERROR] Failed to load resource: the server responded with a status of 404 (Not Found) @ http://localhost:3000/next.svg:0
[   36842ms] [ERROR] Failed to load resource: the server responded with a status of 404 (Not Found) @ http://localhost:3000/vercel.svg:0
[   37065ms] [INFO] %cDownload the React DevTools for a better development experience: https://react.dev/link/react-devtools font-weight:bold @ http://localhost:3000/_next/static/chunks/0ok1_next_dist_1a0o6-k._.js:2477
[   37274ms] [LOG] [HMR] connected @ http://localhost:3000/_next/static/chunks/0ok1_next_dist_1a0o6-k._.js:2477
[   37401ms] [ERROR] Failed to load resource: the server responded with a status of 404 (Not Found) @ http://localhost:3000/favicon.ico:0
[   37528ms] [WARNING] Image with src "http://localhost:3000/next.svg" has either width or height modified, but not the other. If you use CSS to change the size of your image, also include the styles 'width: "auto"' or 'height: "auto"' to maintain the aspect ratio. @ http://localhost:3000/_next/static/chunks/0ok1_next_dist_1a0o6-k._.js:2477
[   37529ms] [WARNING] Image with src "http://localhost:3000/vercel.svg" has either width or height modified, but not the other. If you use CSS to change the size of your image, also include the styles 'width: "auto"' or 'height: "auto"' to maintain the aspect ratio. @ http://localhost:3000/_next/static/chunks/0ok1_next_dist_1a0o6-k._.js:2477
[   37652ms] [ERROR] Failed to load resource: the server responded with a status of 404 (Not Found) @ http://localhost:3000/next.svg:0
[   40666ms] [WARNING] The resource http://localhost:3000/next.svg was preloaded using link preload but not used within a few seconds from the window's load event. Please make sure it has an appropriate `as` value and it is preloaded intentionally. @ http://localhost:3000/:0
[  372274ms] [LOG] [Fast Refresh] rebuilding @ http://localhost:3000/_next/static/chunks/0ok1_next_dist_1a0o6-k._.js:2477
[  372322ms] [LOG] [Fast Refresh] done in 146ms @ http://localhost:3000/_next/static/chunks/0ok1_next_dist_1a0o6-k._.js:2477
[  373425ms] [LOG] [Fast Refresh] rebuilding @ http://localhost:3000/_next/static/chunks/0ok1_next_dist_1a0o6-k._.js:2477
[  373433ms] [LOG] [Fast Refresh] done in 109ms @ http://localhost:3000/_next/static/chunks/0ok1_next_dist_1a0o6-k._.js:2477
[  373991ms] [LOG] [Fast Refresh] rebuilding @ http://localhost:3000/_next/static/chunks/0ok1_next_dist_1a0o6-k._.js:2477
[  374138ms] [LOG] [Fast Refresh] done in 247ms @ http://localhost:3000/_next/static/chunks/0ok1_next_dist_1a0o6-k._.js:2477
[  376383ms] [LOG] [Fast Refresh] rebuilding @ http://localhost:3000/_next/static/chunks/0ok1_next_dist_1a0o6-k._.js:2477
[  376418ms] [LOG] [Fast Refresh] done in 135ms @ http://localhost:3000/_next/static/chunks/0ok1_next_dist_1a0o6-k._.js:2477
[  377494ms] [LOG] [Fast Refresh] rebuilding @ http://localhost:3000/_next/static/chunks/0ok1_next_dist_1a0o6-k._.js:2477
[  377524ms] [LOG] [Fast Refresh] done in 131ms @ http://localhost:3000/_next/static/chunks/0ok1_next_dist_1a0o6-k._.js:2477
[  392249ms] [LOG] [Fast Refresh] rebuilding @ http://localhost:3000/_next/static/chunks/0ok1_next_dist_1a0o6-k._.js:2477
[  393790ms] [LOG] [Fast Refresh] done in 1597ms @ http://localhost:3000/_next/static/chunks/0ok1_next_dist_1a0o6-k._.js:2477
[  396786ms] [WARNING] The resource http://localhost:3000/next.svg was preloaded using link preload but not used within a few seconds from the window's load event. Please make sure it has an appropriate `as` value and it is preloaded intentionally. @ http://localhost:3000/:0
[  401525ms] [LOG] [Fast Refresh] rebuilding @ http://localhost:3000/_next/static/chunks/0ok1_next_dist_1a0o6-k._.js:2477
[  401685ms] [LOG] [Fast Refresh] done in 237ms @ http://localhost:3000/_next/static/chunks/0ok1_next_dist_1a0o6-k._.js:2477
[  401878ms] [LOG] [Fast Refresh] rebuilding @ http://localhost:3000/_next/static/chunks/0ok1_next_dist_1a0o6-k._.js:2477
[  401917ms] [LOG] [Fast Refresh] done in 138ms @ http://localhost:3000/_next/static/chunks/0ok1_next_dist_1a0o6-k._.js:2477
[  405086ms] [WARNING] The resource http://localhost:3000/next.svg was preloaded using link preload but not used within a few seconds from the window's load event. Please make sure it has an appropriate `as` value and it is preloaded intentionally. @ http://localhost:3000/:0
[  409510ms] [LOG] [Fast Refresh] rebuilding @ http://localhost:3000/_next/static/chunks/0ok1_next_dist_1a0o6-k._.js:2477
[  411055ms] [LOG] [Fast Refresh] done in 1003ms @ http://localhost:3000/_next/static/chunks/0ok1_next_dist_1a0o6-k._.js:2477
[  412726ms] [ERROR] Failed to load resource: the server responded with a status of 404 (Not Found) @ http://localhost:3000/next.svg:0
[  412899ms] [INFO] %cDownload the React DevTools for a better development experience: https://react.dev/link/react-devtools font-weight:bold @ http://localhost:3000/_next/static/chunks/0ok1_next_dist_1a0o6-k._.js:2477
[  413006ms] [LOG] [HMR] connected @ http://localhost:3000/_next/static/chunks/0ok1_next_dist_1a0o6-k._.js:2477
[  413446ms] [LOG] [Fast Refresh] rebuilding @ http://localhost:3000/_next/static/chunks/0ok1_next_dist_1a0o6-k._.js:2477
[  413648ms] [LOG] [Fast Refresh] done in 303ms @ http://localhost:3000/_next/static/chunks/0ok1_next_dist_1a0o6-k._.js:2477
[  413788ms] [ERROR] Failed to load resource: the server responded with a status of 404 (Not Found) @ http://localhost:3000/vercel.svg:0
[  414073ms] [WARNING] Image with src "http://localhost:3000/next.svg" has either width or height modified, but not the other. If you use CSS to change the size of your image, also include the styles 'width: "auto"' or 'height: "auto"' to maintain the aspect ratio. @ http://localhost:3000/_next/static/chunks/0ok1_next_dist_1a0o6-k._.js:2477
[  414074ms] [WARNING] Image with src "http://localhost:3000/vercel.svg" has either width or height modified, but not the other. If you use CSS to change the size of your image, also include the styles 'width: "auto"' or 'height: "auto"' to maintain the aspect ratio. @ http://localhost:3000/_next/static/chunks/0ok1_next_dist_1a0o6-k._.js:2477
[  414226ms] [LOG] [Fast Refresh] rebuilding @ http://localhost:3000/_next/static/chunks/0ok1_next_dist_1a0o6-k._.js:2477
[  414290ms] [LOG] [Fast Refresh] done in 167ms @ http://localhost:3000/_next/static/chunks/0ok1_next_dist_1a0o6-k._.js:2477
[  414403ms] [ERROR] Failed to load resource: the server responded with a status of 404 (Not Found) @ http://localhost:3000/next.svg:0
[  417419ms] [WARNING] The resource http://localhost:3000/next.svg was preloaded using link preload but not used within a few seconds from the window's load event. Please make sure it has an appropriate `as` value and it is preloaded intentionally. @ http://localhost:3000/:0
[  577877ms] [LOG] [Fast Refresh] rebuilding @ http://localhost:3000/_next/static/chunks/0ok1_next_dist_1a0o6-k._.js:2477
[  578125ms] [LOG] [Fast Refresh] done in 310ms @ http://localhost:3000/_next/static/chunks/0ok1_next_dist_1a0o6-k._.js:2477
[  578233ms] [LOG] [Fast Refresh] rebuilding @ http://localhost:3000/_next/static/chunks/0ok1_next_dist_1a0o6-k._.js:2477
[  578400ms] [LOG] [Fast Refresh] done in 236ms @ http://localhost:3000/_next/static/chunks/0ok1_next_dist_1a0o6-k._.js:2477
[  581424ms] [WARNING] The resource http://localhost:3000/next.svg was preloaded using link preload but not used within a few seconds from the window's load event. Please make sure it has an appropriate `as` value and it is preloaded intentionally. @ http://localhost:3000/:0
[  611767ms] [LOG] [Fast Refresh] rebuilding @ http://localhost:3000/_next/static/chunks/0ok1_next_dist_1a0o6-k._.js:2477
[  611801ms] [LOG] [Fast Refresh] done in 134ms @ http://localhost:3000/_next/static/chunks/0ok1_next_dist_1a0o6-k._.js:2477
[  620745ms] [LOG] [Fast Refresh] rebuilding @ http://localhost:3000/_next/static/chunks/0ok1_next_dist_1a0o6-k._.js:2477
[  620901ms] [LOG] [Fast Refresh] done in 205ms @ http://localhost:3000/_next/static/chunks/0ok1_next_dist_1a0o6-k._.js:2477
[  622949ms] [LOG] [Fast Refresh] rebuilding @ http://localhost:3000/_next/static/chunks/0ok1_next_dist_1a0o6-k._.js:2477
[  623133ms] [LOG] [Fast Refresh] done in 214ms @ http://localhost:3000/_next/static/chunks/0ok1_next_dist_1a0o6-k._.js:2477
[  625312ms] [LOG] [Fast Refresh] rebuilding @ http://localhost:3000/_next/static/chunks/0ok1_next_dist_1a0o6-k._.js:2477
[  625334ms] [LOG] [Fast Refresh] done in 122ms @ http://localhost:3000/_next/static/chunks/0ok1_next_dist_1a0o6-k._.js:2477
[  626102ms] [WARNING] The resource http://localhost:3000/next.svg was preloaded using link preload but not used within a few seconds from the window's load event. Please make sure it has an appropriate `as` value and it is preloaded intentionally. @ http://localhost:3000/:0
[  646905ms] [LOG] [Fast Refresh] rebuilding @ http://localhost:3000/_next/static/chunks/0ok1_next_dist_1a0o6-k._.js:2477
[  646924ms] [LOG] [Fast Refresh] done in 119ms @ http://localhost:3000/_next/static/chunks/0ok1_next_dist_1a0o6-k._.js:2477
[  768262ms] [LOG] [Fast Refresh] rebuilding @ http://localhost:3000/_next/static/chunks/0ok1_next_dist_1a0o6-k._.js:2477
[  768281ms] [LOG] [Fast Refresh] done in 119ms @ http://localhost:3000/_next/static/chunks/0ok1_next_dist_1a0o6-k._.js:2477
[  783380ms] [LOG] [Fast Refresh] rebuilding @ http://localhost:3000/_next/static/chunks/0ok1_next_dist_1a0o6-k._.js:2477
[  783405ms] [LOG] [Fast Refresh] done in 124ms @ http://localhost:3000/_next/static/chunks/0ok1_next_dist_1a0o6-k._.js:2477
[  899886ms] [LOG] [Fast Refresh] rebuilding @ http://localhost:3000/_next/static/chunks/0ok1_next_dist_1a0o6-k._.js:2477
[  900090ms] [LOG] [Fast Refresh] done in 230ms @ http://localhost:3000/_next/static/chunks/0ok1_next_dist_1a0o6-k._.js:2477
[  903054ms] [WARNING] The resource http://localhost:3000/next.svg was preloaded using link preload but not used within a few seconds from the window's load event. Please make sure it has an appropriate `as` value and it is preloaded intentionally. @ http://localhost:3000/:0
[ 1126868ms] [LOG] [Fast Refresh] rebuilding @ http://localhost:3000/_next/static/chunks/0ok1_next_dist_1a0o6-k._.js:2477
[ 1127008ms] [LOG] [Fast Refresh] done in 208ms @ http://localhost:3000/_next/static/chunks/0ok1_next_dist_1a0o6-k._.js:2477
[ 1130044ms] [WARNING] The resource http://localhost:3000/next.svg was preloaded using link preload but not used within a few seconds from the window's load event. Please make sure it has an appropriate `as` value and it is preloaded intentionally. @ http://localhost:3000/:0
[ 1136060ms] [LOG] [Fast Refresh] rebuilding @ http://localhost:3000/_next/static/chunks/0ok1_next_dist_1a0o6-k._.js:2477
[ 1136091ms] [LOG] [Fast Refresh] done in 132ms @ http://localhost:3000/_next/static/chunks/0ok1_next_dist_1a0o6-k._.js:2477
[ 1147216ms] [LOG] [Fast Refresh] rebuilding @ http://localhost:3000/_next/static/chunks/0ok1_next_dist_1a0o6-k._.js:2477
[ 1147341ms] [LOG] [Fast Refresh] done in 225ms @ http://localhost:3000/_next/static/chunks/0ok1_next_dist_1a0o6-k._.js:2477
[ 1147509ms] [LOG] [Fast Refresh] rebuilding @ http://localhost:3000/_next/static/chunks/0ok1_next_dist_1a0o6-k._.js:2477
[ 1147614ms] [LOG] [Fast Refresh] done in 205ms @ http://localhost:3000/_next/static/chunks/0ok1_next_dist_1a0o6-k._.js:2477
[ 1151342ms] [LOG] [Fast Refresh] rebuilding @ http://localhost:3000/_next/static/chunks/0ok1_next_dist_1a0o6-k._.js:2477
[ 1151513ms] [LOG] [Fast Refresh] done in 272ms @ http://localhost:3000/_next/static/chunks/0ok1_next_dist_1a0o6-k._.js:2477
[ 1155521ms] [LOG] [Fast Refresh] rebuilding @ http://localhost:3000/_next/static/chunks/0ok1_next_dist_1a0o6-k._.js:2477
[ 1155877ms] [LOG] [Fast Refresh] done in 456ms @ http://localhost:3000/_next/static/chunks/0ok1_next_dist_1a0o6-k._.js:2477
[ 1158824ms] [WARNING] The resource http://localhost:3000/next.svg was preloaded using link preload but not used within a few seconds from the window's load event. Please make sure it has an appropriate `as` value and it is preloaded intentionally. @ http://localhost:3000/:0
[ 1160053ms] [LOG] [Fast Refresh] rebuilding @ http://localhost:3000/_next/static/chunks/0ok1_next_dist_1a0o6-k._.js:2477
[ 1160981ms] [LOG] [Fast Refresh] done in 1028ms @ http://localhost:3000/_next/static/chunks/0ok1_next_dist_1a0o6-k._.js:2477
[ 1163354ms] [WARNING] The resource http://localhost:3000/next.svg was preloaded using link preload but not used within a few seconds from the window's load event. Please make sure it has an appropriate `as` value and it is preloaded intentionally. @ http://localhost:3000/:0
[ 1166793ms] [LOG] [Fast Refresh] rebuilding @ http://localhost:3000/_next/static/chunks/0ok1_next_dist_1a0o6-k._.js:2477
[ 1166939ms] [LOG] [Fast Refresh] done in 250ms @ http://localhost:3000/_next/static/chunks/0ok1_next_dist_1a0o6-k._.js:2477
[ 1185791ms] [LOG] [Fast Refresh] rebuilding @ http://localhost:3000/_next/static/chunks/0ok1_next_dist_1a0o6-k._.js:2477
[ 1185833ms] [LOG] [Fast Refresh] done in 142ms @ http://localhost:3000/_next/static/chunks/0ok1_next_dist_1a0o6-k._.js:2477
[ 1320618ms] [LOG] [Fast Refresh] rebuilding @ http://localhost:3000/_next/static/chunks/0ok1_next_dist_1a0o6-k._.js:2477
[ 1323239ms] [LOG] [Fast Refresh] done in 2662ms @ http://localhost:3000/_next/static/chunks/0ok1_next_dist_1a0o6-k._.js:2477
[ 1326864ms] [WARNING] The resource http://localhost:3000/next.svg was preloaded using link preload but not used within a few seconds from the window's load event. Please make sure it has an appropriate `as` value and it is preloaded intentionally. @ http://localhost:3000/:0
[ 1502611ms] [LOG] [Fast Refresh] rebuilding @ http://localhost:3000/_next/static/chunks/0ok1_next_dist_1a0o6-k._.js:2477
[ 1502768ms] [LOG] [Fast Refresh] done in 216ms @ http://localhost:3000/_next/static/chunks/0ok1_next_dist_1a0o6-k._.js:2477
[ 1503174ms] [LOG] [Fast Refresh] rebuilding @ http://localhost:3000/_next/static/chunks/0ok1_next_dist_1a0o6-k._.js:2477
[ 1503246ms] [LOG] [Fast Refresh] done in 124ms @ http://localhost:3000/_next/static/chunks/0ok1_next_dist_1a0o6-k._.js:2477
[ 1506230ms] [WARNING] The resource http://localhost:3000/next.svg was preloaded using link preload but not used within a few seconds from the window's load event. Please make sure it has an appropriate `as` value and it is preloaded intentionally. @ http://localhost:3000/:0
[ 1545108ms] [LOG] [Fast Refresh] rebuilding @ http://localhost:3000/_next/static/chunks/0ok1_next_dist_1a0o6-k._.js:2477
[ 1545132ms] [LOG] [Fast Refresh] done in 124ms @ http://localhost:3000/_next/static/chunks/0ok1_next_dist_1a0o6-k._.js:2477
[ 1555889ms] [LOG] [Fast Refresh] rebuilding @ http://localhost:3000/_next/static/chunks/0ok1_next_dist_1a0o6-k._.js:2477
[ 1556684ms] [LOG] [Fast Refresh] done in 323ms @ http://localhost:3000/_next/static/chunks/0ok1_next_dist_1a0o6-k._.js:2477
[ 1556878ms] [LOG] [Fast Refresh] rebuilding @ http://localhost:3000/_next/static/chunks/0ok1_next_dist_1a0o6-k._.js:2477
[ 1557036ms] [LOG] [Fast Refresh] done in 258ms @ http://localhost:3000/_next/static/chunks/0ok1_next_dist_1a0o6-k._.js:2477
[ 1557647ms] [LOG] [Fast Refresh] rebuilding @ http://localhost:3000/_next/static/chunks/0ok1_next_dist_1a0o6-k._.js:2477
[ 1557705ms] [LOG] [Fast Refresh] done in 158ms @ http://localhost:3000/_next/static/chunks/0ok1_next_dist_1a0o6-k._.js:2477
[ 1558077ms] [LOG] [Fast Refresh] rebuilding @ http://localhost:3000/_next/static/chunks/0ok1_next_dist_1a0o6-k._.js:2477
[ 1558087ms] [LOG] [Fast Refresh] done in 110ms @ http://localhost:3000/_next/static/chunks/0ok1_next_dist_1a0o6-k._.js:2477
[ 1561364ms] [WARNING] The resource http://localhost:3000/next.svg was preloaded using link preload but not used within a few seconds from the window's load event. Please make sure it has an appropriate `as` value and it is preloaded intentionally. @ http://localhost:3000/:0
[ 1625601ms] [LOG] [Fast Refresh] rebuilding @ http://localhost:3000/_next/static/chunks/0ok1_next_dist_1a0o6-k._.js:2477
[ 1625702ms] [LOG] [Fast Refresh] done in 201ms @ http://localhost:3000/_next/static/chunks/0ok1_next_dist_1a0o6-k._.js:2477
[ 1627670ms] [LOG] [Fast Refresh] rebuilding @ http://localhost:3000/_next/static/chunks/0ok1_next_dist_1a0o6-k._.js:2477
[ 1627679ms] [LOG] [Fast Refresh] done in 109ms @ http://localhost:3000/_next/static/chunks/0ok1_next_dist_1a0o6-k._.js:2477
[ 1632658ms] [LOG] [Fast Refresh] rebuilding @ http://localhost:3000/_next/static/chunks/0ok1_next_dist_1a0o6-k._.js:2477
[ 1632699ms] [LOG] [Fast Refresh] done in 141ms @ http://localhost:3000/_next/static/chunks/0ok1_next_dist_1a0o6-k._.js:2477
[ 1633938ms] [LOG] [Fast Refresh] rebuilding @ http://localhost:3000/_next/static/chunks/0ok1_next_dist_1a0o6-k._.js:2477
[ 1637240ms] [WARNING] The resource http://localhost:3000/next.svg was preloaded using link preload but not used within a few seconds from the window's load event. Please make sure it has an appropriate `as` value and it is preloaded intentionally. @ http://localhost:3000/:0
[ 1637437ms] [LOG] [Fast Refresh] done in 3600ms @ http://localhost:3000/_next/static/chunks/0ok1_next_dist_1a0o6-k._.js:2477
[ 1637563ms] [LOG] [Fast Refresh] rebuilding @ http://localhost:3000/_next/static/chunks/0ok1_next_dist_1a0o6-k._.js:2477
[ 1637734ms] [LOG] [Fast Refresh] done in 272ms @ http://localhost:3000/_next/static/chunks/0ok1_next_dist_1a0o6-k._.js:2477
[ 1701545ms] [LOG] [Fast Refresh] rebuilding @ http://localhost:3000/_next/static/chunks/0ok1_next_dist_1a0o6-k._.js:2477
[ 1701570ms] [LOG] [Fast Refresh] done in 125ms @ http://localhost:3000/_next/static/chunks/0ok1_next_dist_1a0o6-k._.js:2477
[ 1709844ms] [LOG] [Fast Refresh] rebuilding @ http://localhost:3000/_next/static/chunks/0ok1_next_dist_1a0o6-k._.js:2477
[ 1710545ms] [LOG] [Fast Refresh] done in 167ms @ http://localhost:3000/_next/static/chunks/0ok1_next_dist_1a0o6-k._.js:2477
[ 1711088ms] [LOG] [Fast Refresh] rebuilding @ http://localhost:3000/_next/static/chunks/0ok1_next_dist_1a0o6-k._.js:2477
[ 1711098ms] [LOG] [Fast Refresh] done in 111ms @ http://localhost:3000/_next/static/chunks/0ok1_next_dist_1a0o6-k._.js:2477
[ 1712233ms] [LOG] [Fast Refresh] rebuilding @ http://localhost:3000/_next/static/chunks/0ok1_next_dist_1a0o6-k._.js:2477
[ 1712264ms] [LOG] [Fast Refresh] done in 136ms @ http://localhost:3000/_next/static/chunks/0ok1_next_dist_1a0o6-k._.js:2477
[ 1715660ms] [WARNING] The resource http://localhost:3000/next.svg was preloaded using link preload but not used within a few seconds from the window's load event. Please make sure it has an appropriate `as` value and it is preloaded intentionally. @ http://localhost:3000/:0
[ 1773337ms] [LOG] [Fast Refresh] rebuilding @ http://localhost:3000/_next/static/chunks/0ok1_next_dist_1a0o6-k._.js:2477
[ 1774648ms] [LOG] [Fast Refresh] done in 1412ms @ http://localhost:3000/_next/static/chunks/0ok1_next_dist_1a0o6-k._.js:2477
[ 1776646ms] [WARNING] The resource http://localhost:3000/next.svg was preloaded using link preload but not used within a few seconds from the window's load event. Please make sure it has an appropriate `as` value and it is preloaded intentionally. @ http://localhost:3000/:0
[ 1889636ms] [LOG] [Fast Refresh] rebuilding @ http://localhost:3000/_next/static/chunks/0ok1_next_dist_1a0o6-k._.js:2477
[ 1889642ms] [LOG] [Fast Refresh] done in 106ms @ http://localhost:3000/_next/static/chunks/0ok1_next_dist_1a0o6-k._.js:2477
[ 1909202ms] [LOG] [Fast Refresh] rebuilding @ http://localhost:3000/_next/static/chunks/0ok1_next_dist_1a0o6-k._.js:2477
[ 1909848ms] [LOG] [Fast Refresh] done in 227ms @ http://localhost:3000/_next/static/chunks/0ok1_next_dist_1a0o6-k._.js:2477
[ 1910311ms] [LOG] [Fast Refresh] rebuilding @ http://localhost:3000/_next/static/chunks/0ok1_next_dist_1a0o6-k._.js:2477
[ 1910367ms] [LOG] [Fast Refresh] done in 161ms @ http://localhost:3000/_next/static/chunks/0ok1_next_dist_1a0o6-k._.js:2477
[ 1911117ms] [LOG] [Fast Refresh] rebuilding @ http://localhost:3000/_next/static/chunks/0ok1_next_dist_1a0o6-k._.js:2477
[ 1911143ms] [LOG] [Fast Refresh] done in 127ms @ http://localhost:3000/_next/static/chunks/0ok1_next_dist_1a0o6-k._.js:2477
[ 1911277ms] [LOG] [Fast Refresh] rebuilding @ http://localhost:3000/_next/static/chunks/0ok1_next_dist_1a0o6-k._.js:2477
[ 1911295ms] [LOG] [Fast Refresh] done in 117ms @ http://localhost:3000/_next/static/chunks/0ok1_next_dist_1a0o6-k._.js:2477
[ 1915379ms] [WARNING] The resource http://localhost:3000/next.svg was preloaded using link preload but not used within a few seconds from the window's load event. Please make sure it has an appropriate `as` value and it is preloaded intentionally. @ http://localhost:3000/:0
[ 1926043ms] [LOG] [Fast Refresh] rebuilding @ http://localhost:3000/_next/static/chunks/0ok1_next_dist_1a0o6-k._.js:2477
[ 1926054ms] [LOG] [Fast Refresh] done in 112ms @ http://localhost:3000/_next/static/chunks/0ok1_next_dist_1a0o6-k._.js:2477
[ 1933452ms] [LOG] [Fast Refresh] rebuilding @ http://localhost:3000/_next/static/chunks/0ok1_next_dist_1a0o6-k._.js:2477
[ 1934060ms] [LOG] [Fast Refresh] done in 259ms @ http://localhost:3000/_next/static/chunks/0ok1_next_dist_1a0o6-k._.js:2477
[ 1939631ms] [WARNING] The resource http://localhost:3000/next.svg was preloaded using link preload but not used within a few seconds from the window's load event. Please make sure it has an appropriate `as` value and it is preloaded intentionally. @ http://localhost:3000/:0
[ 2069545ms] [LOG] [Fast Refresh] rebuilding @ http://localhost:3000/_next/static/chunks/0ok1_next_dist_1a0o6-k._.js:2477
[ 2069579ms] [LOG] [Fast Refresh] done in 134ms @ http://localhost:3000/_next/static/chunks/0ok1_next_dist_1a0o6-k._.js:2477
[ 2083306ms] [LOG] [Fast Refresh] rebuilding @ http://localhost:3000/_next/static/chunks/0ok1_next_dist_1a0o6-k._.js:2477
[ 2083349ms] [LOG] [Fast Refresh] done in 144ms @ http://localhost:3000/_next/static/chunks/0ok1_next_dist_1a0o6-k._.js:2477
[ 2091865ms] [LOG] [Fast Refresh] rebuilding @ http://localhost:3000/_next/static/chunks/0ok1_next_dist_1a0o6-k._.js:2477
[ 2093392ms] [WARNING] [HMR] Invalid message: {"isTrusted":true}
TypeError: Cannot convert undefined or null to object
    at Object.keys (<anonymous>)
    at extractModulesFromTurbopackMessage (http://localhost:3000/_next/static/chunks/0ok1_next_dist_client_1xrw9m3._.js:13754:39)
    at TurbopackHmr.onTurbopackMessage (http://localhost:3000/_next/static/chunks/0ok1_next_dist_client_1xrw9m3._.js:13701:32)
    at processMessage (http://localhost:3000/_next/static/chunks/0ok1_next_dist_client_1xrw9m3._.js:14059:30)
    at WebSocket.handleMessage (http://localhost:3000/_next/static/chunks/0ok1_next_dist_client_1xrw9m3._.js:13458:52) @ http://localhost:3000/_next/static/chunks/0ok1_next_dist_1a0o6-k._.js:2477
[ 2094027ms] [LOG] [Fast Refresh] done in 1626ms @ http://localhost:3000/_next/static/chunks/0ok1_next_dist_1a0o6-k._.js:2477
[ 2094554ms] [LOG] [Fast Refresh] rebuilding @ http://localhost:3000/_next/static/chunks/0ok1_next_dist_1a0o6-k._.js:2477
[ 2094867ms] [LOG] [Fast Refresh] done in 413ms @ http://localhost:3000/_next/static/chunks/0ok1_next_dist_1a0o6-k._.js:2477
[ 2095168ms] [WARNING] The resource http://localhost:3000/next.svg was preloaded using link preload but not used within a few seconds from the window's load event. Please make sure it has an appropriate `as` value and it is preloaded intentionally. @ http://localhost:3000/:0
[ 2096261ms] [ERROR] Failed to load resource: the server responded with a status of 404 (Not Found) @ http://localhost:3000/next.svg:0
[ 2096496ms] [INFO] %cDownload the React DevTools for a better development experience: https://react.dev/link/react-devtools font-weight:bold @ http://localhost:3000/_next/static/chunks/0ok1_next_dist_1a0o6-k._.js:2477
[ 2096694ms] [LOG] [HMR] connected @ http://localhost:3000/_next/static/chunks/0ok1_next_dist_1a0o6-k._.js:2477
[ 2096705ms] [ERROR] Failed to load resource: the server responded with a status of 404 (Not Found) @ http://localhost:3000/vercel.svg:0
[ 2097040ms] [WARNING] Image with src "http://localhost:3000/next.svg" has either width or height modified, but not the other. If you use CSS to change the size of your image, also include the styles 'width: "auto"' or 'height: "auto"' to maintain the aspect ratio. @ http://localhost:3000/_next/static/chunks/0ok1_next_dist_1a0o6-k._.js:2477
[ 2097040ms] [WARNING] Image with src "http://localhost:3000/vercel.svg" has either width or height modified, but not the other. If you use CSS to change the size of your image, also include the styles 'width: "auto"' or 'height: "auto"' to maintain the aspect ratio. @ http://localhost:3000/_next/static/chunks/0ok1_next_dist_1a0o6-k._.js:2477
[ 2097087ms] [LOG] [Fast Refresh] rebuilding @ http://localhost:3000/_next/static/chunks/0ok1_next_dist_1a0o6-k._.js:2477
[ 2097217ms] [LOG] [Fast Refresh] done in 231ms @ http://localhost:3000/_next/static/chunks/0ok1_next_dist_1a0o6-k._.js:2477
[ 2097271ms] [ERROR] Failed to load resource: the server responded with a status of 404 (Not Found) @ http://localhost:3000/next.svg:0
[ 2100308ms] [WARNING] The resource http://localhost:3000/next.svg was preloaded using link preload but not used within a few seconds from the window's load event. Please make sure it has an appropriate `as` value and it is preloaded intentionally. @ http://localhost:3000/:0
[ 2101712ms] [LOG] [Fast Refresh] rebuilding @ http://localhost:3000/_next/static/chunks/0ok1_next_dist_1a0o6-k._.js:2477
[ 2101949ms] [LOG] [Fast Refresh] done in 308ms @ http://localhost:3000/_next/static/chunks/0ok1_next_dist_1a0o6-k._.js:2477
[ 2102088ms] [LOG] [Fast Refresh] rebuilding @ http://localhost:3000/_next/static/chunks/0ok1_next_dist_1a0o6-k._.js:2477
[ 2102355ms] [LOG] [Fast Refresh] done in 369ms @ http://localhost:3000/_next/static/chunks/0ok1_next_dist_1a0o6-k._.js:2477
[ 2103042ms] [LOG] [Fast Refresh] rebuilding @ http://localhost:3000/_next/static/chunks/0ok1_next_dist_1a0o6-k._.js:2477
[ 2103199ms] [LOG] [Fast Refresh] done in 258ms @ http://localhost:3000/_next/static/chunks/0ok1_next_dist_1a0o6-k._.js:2477
[ 2104234ms] [LOG] [Fast Refresh] rebuilding @ http://localhost:3000/_next/static/chunks/0ok1_next_dist_1a0o6-k._.js:2477
[ 2104250ms] [LOG] [Fast Refresh] done in 116ms @ http://localhost:3000/_next/static/chunks/0ok1_next_dist_1a0o6-k._.js:2477
[ 2104818ms] [LOG] [Fast Refresh] rebuilding @ http://localhost:3000/_next/static/chunks/0ok1_next_dist_1a0o6-k._.js:2477
[ 2104823ms] [LOG] [Fast Refresh] done in 106ms @ http://localhost:3000/_next/static/chunks/0ok1_next_dist_1a0o6-k._.js:2477
[ 2108157ms] [WARNING] The resource http://localhost:3000/next.svg was preloaded using link preload but not used within a few seconds from the window's load event. Please make sure it has an appropriate `as` value and it is preloaded intentionally. @ http://localhost:3000/:0
[ 2111633ms] [LOG] [Fast Refresh] rebuilding @ http://localhost:3000/_next/static/chunks/0ok1_next_dist_1a0o6-k._.js:2477
[ 2114978ms] [WARNING] The resource http://localhost:3000/next.svg was preloaded using link preload but not used within a few seconds from the window's load event. Please make sure it has an appropriate `as` value and it is preloaded intentionally. @ http://localhost:3000/:0
[ 2116479ms] [LOG] [Fast Refresh] done in 4826ms @ http://localhost:3000/_next/static/chunks/0ok1_next_dist_1a0o6-k._.js:2477
[ 2118216ms] [LOG] [Fast Refresh] rebuilding @ http://localhost:3000/_next/static/chunks/0ok1_next_dist_1a0o6-k._.js:2477
[ 2118218ms] [LOG] [Fast Refresh] done in 105ms @ http://localhost:3000/_next/static/chunks/0ok1_next_dist_1a0o6-k._.js:2477
[ 2118487ms] [ERROR] Failed to load resource: the server responded with a status of 404 (Not Found) @ http://localhost:3000/next.svg:0
[ 2118641ms] [ERROR] Failed to load resource: the server responded with a status of 404 (Not Found) @ http://localhost:3000/vercel.svg:0
[ 2118717ms] [INFO] %cDownload the React DevTools for a better development experience: https://react.dev/link/react-devtools font-weight:bold @ http://localhost:3000/_next/static/chunks/0ok1_next_dist_1a0o6-k._.js:2477
[ 2118849ms] [LOG] [HMR] connected @ http://localhost:3000/_next/static/chunks/0ok1_next_dist_1a0o6-k._.js:2477
[ 2119055ms] [LOG] [Fast Refresh] rebuilding @ http://localhost:3000/_next/static/chunks/0ok1_next_dist_1a0o6-k._.js:2477
[ 2119088ms] [LOG] [Fast Refresh] done in 146ms @ http://localhost:3000/_next/static/chunks/0ok1_next_dist_1a0o6-k._.js:2477
[ 2119173ms] [WARNING] Image with src "http://localhost:3000/next.svg" has either width or height modified, but not the other. If you use CSS to change the size of your image, also include the styles 'width: "auto"' or 'height: "auto"' to maintain the aspect ratio. @ http://localhost:3000/_next/static/chunks/0ok1_next_dist_1a0o6-k._.js:2477
[ 2119173ms] [WARNING] Image with src "http://localhost:3000/vercel.svg" has either width or height modified, but not the other. If you use CSS to change the size of your image, also include the styles 'width: "auto"' or 'height: "auto"' to maintain the aspect ratio. @ http://localhost:3000/_next/static/chunks/0ok1_next_dist_1a0o6-k._.js:2477
[ 2119269ms] [ERROR] Failed to load resource: the server responded with a status of 404 (Not Found) @ http://localhost:3000/next.svg:0
[ 2122283ms] [WARNING] The resource http://localhost:3000/next.svg was preloaded using link preload but not used within a few seconds from the window's load event. Please make sure it has an appropriate `as` value and it is preloaded intentionally. @ http://localhost:3000/:0
[ 2146074ms] [LOG] [Fast Refresh] rebuilding @ http://localhost:3000/_next/static/chunks/0ok1_next_dist_1a0o6-k._.js:2477
[ 2146481ms] [LOG] [Fast Refresh] done in 507ms @ http://localhost:3000/_next/static/chunks/0ok1_next_dist_1a0o6-k._.js:2477
[ 2146700ms] [LOG] [Fast Refresh] rebuilding @ http://localhost:3000/_next/static/chunks/0ok1_next_dist_1a0o6-k._.js:2477
[ 2146947ms] [LOG] [Fast Refresh] done in 365ms @ http://localhost:3000/_next/static/chunks/0ok1_next_dist_1a0o6-k._.js:2477
[ 2149391ms] [WARNING] The resource http://localhost:3000/next.svg was preloaded using link preload but not used within a few seconds from the window's load event. Please make sure it has an appropriate `as` value and it is preloaded intentionally. @ http://localhost:3000/:0
[ 2602107ms] [LOG] [Fast Refresh] rebuilding @ http://localhost:3000/_next/static/chunks/0ok1_next_dist_1a0o6-k._.js:2477
[ 2602165ms] [LOG] [Fast Refresh] done in 158ms @ http://localhost:3000/_next/static/chunks/0ok1_next_dist_1a0o6-k._.js:2477
[ 2618463ms] [LOG] [Fast Refresh] rebuilding @ http://localhost:3000/_next/static/chunks/0ok1_next_dist_1a0o6-k._.js:2477
[ 2619300ms] [LOG] [Fast Refresh] done in 316ms @ http://localhost:3000/_next/static/chunks/0ok1_next_dist_1a0o6-k._.js:2477
[ 2619741ms] [LOG] [Fast Refresh] rebuilding @ http://localhost:3000/_next/static/chunks/0ok1_next_dist_1a0o6-k._.js:2477
[ 2619929ms] [LOG] [Fast Refresh] done in 289ms @ http://localhost:3000/_next/static/chunks/0ok1_next_dist_1a0o6-k._.js:2477
[ 2621082ms] [LOG] [Fast Refresh] rebuilding @ http://localhost:3000/_next/static/chunks/0ok1_next_dist_1a0o6-k._.js:2477
[ 2621094ms] [LOG] [Fast Refresh] done in 112ms @ http://localhost:3000/_next/static/chunks/0ok1_next_dist_1a0o6-k._.js:2477
[ 2621453ms] [LOG] [Fast Refresh] rebuilding @ http://localhost:3000/_next/static/chunks/0ok1_next_dist_1a0o6-k._.js:2477
[ 2621460ms] [LOG] [Fast Refresh] done in 107ms @ http://localhost:3000/_next/static/chunks/0ok1_next_dist_1a0o6-k._.js:2477
[ 2621913ms] [LOG] [Fast Refresh] rebuilding @ http://localhost:3000/_next/static/chunks/0ok1_next_dist_1a0o6-k._.js:2477
[ 2621927ms] [LOG] [Fast Refresh] done in 115ms @ http://localhost:3000/_next/static/chunks/0ok1_next_dist_1a0o6-k._.js:2477
[ 2622442ms] [LOG] [Fast Refresh] rebuilding @ http://localhost:3000/_next/static/chunks/0ok1_next_dist_1a0o6-k._.js:2477
[ 2622474ms] [LOG] [Fast Refresh] done in 132ms @ http://localhost:3000/_next/static/chunks/0ok1_next_dist_1a0o6-k._.js:2477
[ 2626075ms] [WARNING] The resource http://localhost:3000/next.svg was preloaded using link preload but not used within a few seconds from the window's load event. Please make sure it has an appropriate `as` value and it is preloaded intentionally. @ http://localhost:3000/:0
[ 2654171ms] [LOG] [Fast Refresh] rebuilding @ http://localhost:3000/_next/static/chunks/0ok1_next_dist_1a0o6-k._.js:2477
[ 2654246ms] [LOG] [Fast Refresh] done in 175ms @ http://localhost:3000/_next/static/chunks/0ok1_next_dist_1a0o6-k._.js:2477
[ 2668130ms] [LOG] [Fast Refresh] rebuilding @ http://localhost:3000/_next/static/chunks/0ok1_next_dist_1a0o6-k._.js:2477
[ 2671479ms] [WARNING] The resource http://localhost:3000/next.svg was preloaded using link preload but not used within a few seconds from the window's load event. Please make sure it has an appropriate `as` value and it is preloaded intentionally. @ http://localhost:3000/:0
[ 2674921ms] [LOG] [Fast Refresh] done in 3391ms @ http://localhost:3000/_next/static/chunks/0ok1_next_dist_1a0o6-k._.js:2477
[ 2676643ms] [LOG] [Fast Refresh] rebuilding @ http://localhost:3000/_next/static/chunks/0ok1_next_dist_1a0o6-k._.js:2477
[ 2676707ms] [LOG] [Fast Refresh] done in 165ms @ http://localhost:3000/_next/static/chunks/0ok1_next_dist_1a0o6-k._.js:2477
[ 2677233ms] [LOG] [Fast Refresh] rebuilding @ http://localhost:3000/_next/static/chunks/0ok1_next_dist_1a0o6-k._.js:2477
[ 2677244ms] [LOG] [Fast Refresh] done in 112ms @ http://localhost:3000/_next/static/chunks/0ok1_next_dist_1a0o6-k._.js:2477
[ 2677368ms] [LOG] [Fast Refresh] rebuilding @ http://localhost:3000/_next/static/chunks/0ok1_next_dist_1a0o6-k._.js:2477
[ 2677390ms] [LOG] [Fast Refresh] done in 123ms @ http://localhost:3000/_next/static/chunks/0ok1_next_dist_1a0o6-k._.js:2477
[ 2677870ms] [LOG] [Fast Refresh] rebuilding @ http://localhost:3000/_next/static/chunks/0ok1_next_dist_1a0o6-k._.js:2477
[ 2677913ms] [LOG] [Fast Refresh] done in 144ms @ http://localhost:3000/_next/static/chunks/0ok1_next_dist_1a0o6-k._.js:2477
[ 2678035ms] [LOG] [Fast Refresh] rebuilding @ http://localhost:3000/_next/static/chunks/0ok1_next_dist_1a0o6-k._.js:2477
[ 2678086ms] [WARNING] The resource http://localhost:3000/next.svg was preloaded using link preload but not used within a few seconds from the window's load event. Please make sure it has an appropriate `as` value and it is preloaded intentionally. @ http://localhost:3000/:0
[ 2678123ms] [LOG] [Fast Refresh] done in 189ms @ http://localhost:3000/_next/static/chunks/0ok1_next_dist_1a0o6-k._.js:2477
[ 2678245ms] [LOG] [Fast Refresh] rebuilding @ http://localhost:3000/_next/static/chunks/0ok1_next_dist_1a0o6-k._.js:2477
[ 2678394ms] [LOG] [Fast Refresh] done in 250ms @ http://localhost:3000/_next/static/chunks/0ok1_next_dist_1a0o6-k._.js:2477
[ 2679038ms] [LOG] [Fast Refresh] rebuilding @ http://localhost:3000/_next/static/chunks/0ok1_next_dist_1a0o6-k._.js:2477
[ 2679062ms] [LOG] [Fast Refresh] done in 124ms @ http://localhost:3000/_next/static/chunks/0ok1_next_dist_1a0o6-k._.js:2477
[ 2679210ms] [LOG] [Fast Refresh] rebuilding @ http://localhost:3000/_next/static/chunks/0ok1_next_dist_1a0o6-k._.js:2477
[ 2679288ms] [LOG] [Fast Refresh] done in 178ms @ http://localhost:3000/_next/static/chunks/0ok1_next_dist_1a0o6-k._.js:2477
[ 2679426ms] [LOG] [Fast Refresh] rebuilding @ http://localhost:3000/_next/static/chunks/0ok1_next_dist_1a0o6-k._.js:2477
[ 2679466ms] [LOG] [Fast Refresh] done in 139ms @ http://localhost:3000/_next/static/chunks/0ok1_next_dist_1a0o6-k._.js:2477
[ 2679910ms] [LOG] [Fast Refresh] rebuilding @ http://localhost:3000/_next/static/chunks/0ok1_next_dist_1a0o6-k._.js:2477
[ 2679982ms] [LOG] [Fast Refresh] done in 172ms @ http://localhost:3000/_next/static/chunks/0ok1_next_dist_1a0o6-k._.js:2477
[ 2681312ms] [LOG] [Fast Refresh] rebuilding @ http://localhost:3000/_next/static/chunks/0ok1_next_dist_1a0o6-k._.js:2477
[ 2681409ms] [LOG] [Fast Refresh] done in 199ms @ http://localhost:3000/_next/static/chunks/0ok1_next_dist_1a0o6-k._.js:2477
[ 2692184ms] [LOG] [Fast Refresh] rebuilding @ http://localhost:3000/_next/static/chunks/0ok1_next_dist_1a0o6-k._.js:2477
[ 2692223ms] [LOG] [Fast Refresh] done in 139ms @ http://localhost:3000/_next/static/chunks/0ok1_next_dist_1a0o6-k._.js:2477
[ 2692893ms] [LOG] [Fast Refresh] rebuilding @ http://localhost:3000/_next/static/chunks/0ok1_next_dist_1a0o6-k._.js:2477
[ 2692935ms] [LOG] [Fast Refresh] done in 142ms @ http://localhost:3000/_next/static/chunks/0ok1_next_dist_1a0o6-k._.js:2477
[ 2840772ms] [LOG] [Fast Refresh] rebuilding @ http://localhost:3000/_next/static/chunks/0ok1_next_dist_1a0o6-k._.js:2477
[ 2840795ms] [LOG] [Fast Refresh] done in 122ms @ http://localhost:3000/_next/static/chunks/0ok1_next_dist_1a0o6-k._.js:2477
[ 2853252ms] [LOG] [Fast Refresh] rebuilding @ http://localhost:3000/_next/static/chunks/0ok1_next_dist_1a0o6-k._.js:2477
[ 2854100ms] [LOG] [Fast Refresh] done in 453ms @ http://localhost:3000/_next/static/chunks/0ok1_next_dist_1a0o6-k._.js:2477
[ 2854359ms] [LOG] [Fast Refresh] rebuilding @ http://localhost:3000/_next/static/chunks/0ok1_next_dist_1a0o6-k._.js:2477
[ 2854367ms] [LOG] [Fast Refresh] done in 108ms @ http://localhost:3000/_next/static/chunks/0ok1_next_dist_1a0o6-k._.js:2477
[ 2854883ms] [LOG] [Fast Refresh] rebuilding @ http://localhost:3000/_next/static/chunks/0ok1_next_dist_1a0o6-k._.js:2477
[ 2855224ms] [LOG] [Fast Refresh] done in 441ms @ http://localhost:3000/_next/static/chunks/0ok1_next_dist_1a0o6-k._.js:2477
[ 2855665ms] [LOG] [Fast Refresh] rebuilding @ http://localhost:3000/_next/static/chunks/0ok1_next_dist_1a0o6-k._.js:2477
[ 2855673ms] [LOG] [Fast Refresh] done in 109ms @ http://localhost:3000/_next/static/chunks/0ok1_next_dist_1a0o6-k._.js:2477
[ 2855816ms] [LOG] [Fast Refresh] rebuilding @ http://localhost:3000/_next/static/chunks/0ok1_next_dist_1a0o6-k._.js:2477
[ 2855824ms] [LOG] [Fast Refresh] done in 107ms @ http://localhost:3000/_next/static/chunks/0ok1_next_dist_1a0o6-k._.js:2477
[ 2855942ms] [LOG] [Fast Refresh] rebuilding @ http://localhost:3000/_next/static/chunks/0ok1_next_dist_1a0o6-k._.js:2477
[ 2855974ms] [LOG] [Fast Refresh] done in 132ms @ http://localhost:3000/_next/static/chunks/0ok1_next_dist_1a0o6-k._.js:2477
[ 2856208ms] [LOG] [Fast Refresh] rebuilding @ http://localhost:3000/_next/static/chunks/0ok1_next_dist_1a0o6-k._.js:2477
[ 2856228ms] [LOG] [Fast Refresh] done in 120ms @ http://localhost:3000/_next/static/chunks/0ok1_next_dist_1a0o6-k._.js:2477
[ 2857192ms] [LOG] [Fast Refresh] rebuilding @ http://localhost:3000/_next/static/chunks/0ok1_next_dist_1a0o6-k._.js:2477
[ 2857195ms] [LOG] [Fast Refresh] done in 103ms @ http://localhost:3000/_next/static/chunks/0ok1_next_dist_1a0o6-k._.js:2477
[ 2861238ms] [WARNING] The resource http://localhost:3000/next.svg was preloaded using link preload but not used within a few seconds from the window's load event. Please make sure it has an appropriate `as` value and it is preloaded intentionally. @ http://localhost:3000/:0
[ 2874143ms] [LOG] [Fast Refresh] rebuilding @ http://localhost:3000/_next/static/chunks/0ok1_next_dist_1a0o6-k._.js:2477
[ 2874524ms] [LOG] [Fast Refresh] done in 481ms @ http://localhost:3000/_next/static/chunks/0ok1_next_dist_1a0o6-k._.js:2477
[ 2877445ms] [WARNING] The resource http://localhost:3000/next.svg was preloaded using link preload but not used within a few seconds from the window's load event. Please make sure it has an appropriate `as` value and it is preloaded intentionally. @ http://localhost:3000/:0
[ 3026672ms] [LOG] [Fast Refresh] rebuilding @ http://localhost:3000/_next/static/chunks/0ok1_next_dist_1a0o6-k._.js:2477
[ 3028382ms] [LOG] [Fast Refresh] done in 1244ms @ http://localhost:3000/_next/static/chunks/0ok1_next_dist_1a0o6-k._.js:2477
[ 3029079ms] [LOG] [Fast Refresh] rebuilding @ http://localhost:3000/_next/static/chunks/0ok1_next_dist_1a0o6-k._.js:2477
[ 3029780ms] [LOG] [Fast Refresh] done in 800ms @ http://localhost:3000/_next/static/chunks/0ok1_next_dist_1a0o6-k._.js:2477
[ 3029953ms] [LOG] [Fast Refresh] rebuilding @ http://localhost:3000/_next/static/chunks/0ok1_next_dist_1a0o6-k._.js:2477
[ 3029970ms] [LOG] [Fast Refresh] done in 118ms @ http://localhost:3000/_next/static/chunks/0ok1_next_dist_1a0o6-k._.js:2477
[ 3030768ms] [LOG] [Fast Refresh] rebuilding @ http://localhost:3000/_next/static/chunks/0ok1_next_dist_1a0o6-k._.js:2477
[ 3030852ms] [LOG] [Fast Refresh] done in 184ms @ http://localhost:3000/_next/static/chunks/0ok1_next_dist_1a0o6-k._.js:2477
[ 3031117ms] [ERROR] Failed to load resource: the server responded with a status of 500 (Internal Server Error) @ http://localhost:3000/:0
[ 3031960ms] [INFO] %cDownload the React DevTools for a better development experience: https://react.dev/link/react-devtools font-weight:bold @ http://localhost:3000/_next/static/chunks/0ok1_next_dist_1a0o6-k._.js:2477
[ 3032161ms] [LOG] [HMR] connected @ http://localhost:3000/_next/static/chunks/0ok1_next_dist_1a0o6-k._.js:2477
[ 3032901ms] Error: Your project's URL and Key are required to create a Supabase client!

Check your Supabase project's API settings to find these values

https://supabase.com/dashboard/project/_/settings/api
    at createClient (about://React/Server/file:///home/mifdlal/Documents/proyek-portfolio-2026/website-news/.next/dev/server/chunks/ssr/%5Broot-of-the-server%5D__083exb-._.js?30:21:319)
    at  HomePage (about://React/Server/file:///home/mifdlal/Documents/proyek-portfolio-2026/website-news/.next/dev/server/chunks/ssr/%5Broot-of-the-server%5D__083exb-._.js?31:315:22)
    at resolveErrorDev (http://localhost:3000/_next/static/chunks/0ok1_next_dist_compiled_react-server-dom-turbopack_1ssb__a._.js:1919:150)
    at processFullStringRow (http://localhost:3000/_next/static/chunks/0ok1_next_dist_compiled_react-server-dom-turbopack_1ssb__a._.js:2434:29)
    at processFullBinaryRow (http://localhost:3000/_next/static/chunks/0ok1_next_dist_compiled_react-server-dom-turbopack_1ssb__a._.js:2393:9)
    at processBinaryChunk (http://localhost:3000/_next/static/chunks/0ok1_next_dist_compiled_react-server-dom-turbopack_1ssb__a._.js:2502:221)
    at progress (http://localhost:3000/_next/static/chunks/0ok1_next_dist_compiled_react-server-dom-turbopack_1ssb__a._.js:2689:13)
[ 3037105ms] [LOG] [Fast Refresh] rebuilding @ http://localhost:3000/_next/static/chunks/0ok1_next_dist_1a0o6-k._.js:2477
[ 3037615ms] [LOG] [Fast Refresh] done in 110ms @ http://localhost:3000/_next/static/chunks/0ok1_next_dist_1a0o6-k._.js:2477
[ 3037779ms] [LOG] [Fast Refresh] rebuilding @ http://localhost:3000/_next/static/chunks/0ok1_next_dist_1a0o6-k._.js:2477
[ 3037960ms] [LOG] [Fast Refresh] done in 281ms @ http://localhost:3000/_next/static/chunks/0ok1_next_dist_1a0o6-k._.js:2477
[ 3038244ms] [ERROR] Failed to load resource: the server responded with a status of 500 (Internal Server Error) @ http://localhost:3000/:0
[ 3038911ms] [INFO] %cDownload the React DevTools for a better development experience: https://react.dev/link/react-devtools font-weight:bold @ http://localhost:3000/_next/static/chunks/0ok1_next_dist_1a0o6-k._.js:2477
[ 3039226ms] [LOG] [HMR] connected @ http://localhost:3000/_next/static/chunks/0ok1_next_dist_1a0o6-k._.js:2477
[ 3039921ms] Error: Your project's URL and Key are required to create a Supabase client!

Check your Supabase project's API settings to find these values

https://supabase.com/dashboard/project/_/settings/api
    at createClient (about://React/Server/file:///home/mifdlal/Documents/proyek-portfolio-2026/website-news/.next/dev/server/chunks/ssr/%5Broot-of-the-server%5D__083exb-._.js?0:21:319)
    at  HomePage (about://React/Server/file:///home/mifdlal/Documents/proyek-portfolio-2026/website-news/.next/dev/server/chunks/ssr/%255Broot-of-the-server%255D__083exb-._.js?id=%255Bproject%255D%252Fsrc%252Fapp%252F%2528main%2529%252Fpage.tsx+%255Bapp-rsc%255D+%2528ecmascript%2529?1:17:22)
    at resolveErrorDev (http://localhost:3000/_next/static/chunks/0ok1_next_dist_compiled_react-server-dom-turbopack_1ssb__a._.js:1919:105)
    at processFullStringRow (http://localhost:3000/_next/static/chunks/0ok1_next_dist_compiled_react-server-dom-turbopack_1ssb__a._.js:2434:29)
    at processFullBinaryRow (http://localhost:3000/_next/static/chunks/0ok1_next_dist_compiled_react-server-dom-turbopack_1ssb__a._.js:2393:9)
    at processBinaryChunk (http://localhost:3000/_next/static/chunks/0ok1_next_dist_compiled_react-server-dom-turbopack_1ssb__a._.js:2502:221)
    at progress (http://localhost:3000/_next/static/chunks/0ok1_next_dist_compiled_react-server-dom-turbopack_1ssb__a._.js:2689:13)
