[   36623ms] [ERROR] Failed to load resource: net::ERR_EMPTY_RESPONSE @ http://localhost:3000/_next/static/chunks/0ok1_next_dist_compiled_react-dom_10h3yjm._.js:0
[   36624ms] [ERROR] Failed to load resource: net::ERR_CONNECTION_REFUSED @ http://localhost:3000/_next/static/chunks/0ok1_next_dist_1a0o6-k._.js:0
[   36624ms] [ERROR] Failed to load resource: net::ERR_CONNECTION_REFUSED @ http://localhost:3000/_next/static/chunks/0vvp_%40swc_helpers_cjs_0vb02wp._.js:0
[   36624ms] [ERROR] Failed to load resource: net::ERR_CONNECTION_REFUSED @ http://localhost:3000/_next/static/chunks/_1anvha4._.js:0
[   36624ms] [ERROR] Failed to load resource: net::ERR_CONNECTION_REFUSED @ http://localhost:3000/_next/static/chunks/turbopack-_0enn2lc._.js:0
[   36624ms] [ERROR] Failed to load resource: net::ERR_CONNECTION_REFUSED @ http://localhost:3000/_next/static/chunks/0ok1_next_dist_1qxxc-t._.js:0
[   36624ms] [ERROR] Failed to load resource: net::ERR_CONNECTION_REFUSED @ http://localhost:3000/_next/static/chunks/1fnm_%40base-ui_react_0uipbjg._.js:0
[   36624ms] [ERROR] Failed to load resource: net::ERR_CONNECTION_REFUSED @ http://localhost:3000/_next/static/chunks/1hn7_tailwind-merge_dist_bundle-mjs_mjs_04a_myf._.js:0
[   36624ms] [ERROR] Failed to load resource: net::ERR_CONNECTION_REFUSED @ http://localhost:3000/_next/static/chunks/node_modules__pnpm_0hw1yt-._.js:0
[   36635ms] [ERROR] Failed to load resource: net::ERR_CONNECTION_REFUSED @ http://localhost:3000/_next/static/chunks/src_0zkor25._.js:0
[   36636ms] [ERROR] Failed to load resource: net::ERR_INCOMPLETE_CHUNKED_ENCODING @ http://localhost:3000/_next/static/chunks/0ok1_next_dist_compiled_next-devtools_index_11qitn_.js:0
[   36636ms] [ERROR] Failed to load resource: net::ERR_CONNECTION_REFUSED @ http://localhost:3000/_next/static/chunks/0ok1_next_dist_compiled_react-server-dom-turbopack_1ssb__a._.js:0
[   36636ms] [ERROR] Failed to load resource: net::ERR_CONNECTION_REFUSED @ http://localhost:3000/_next/static/chunks/0ok1_next_dist_client_1xrw9m3._.js:0
[   36637ms] [ERROR] Failed to load resource: net::ERR_CONNECTION_REFUSED @ http://localhost:3000/next.svg:0
[   36637ms] [ERROR] Failed to load resource: net::ERR_CONNECTION_REFUSED @ http://localhost:3000/_next/static/chunks/0ok1_next_dist_compiled_13xsgo8._.js:0
[   36654ms] [ERROR] Failed to load resource: net::ERR_CONNECTION_REFUSED @ http://localhost:3000/vercel.svg:0
[   36654ms] [ERROR] Failed to load resource: net::ERR_CONNECTION_REFUSED @ http://localhost:3000/_next/static/chunks/src_app_layout_tsx_1k6pk86._.js:0
[   36655ms] [ERROR] Failed to load resource: net::ERR_CONNECTION_REFUSED @ http://localhost:3000/_next/static/chunks/0ok1_next_dist_0o2-1f2._.js:0
[   36659ms] [ERROR] Failed to load resource: net::ERR_CONNECTION_REFUSED @ http://localhost:3000/_next/static/chunks/src_app_page_tsx_1_0ggnp._.js:0
[   36660ms] [ERROR] Failed to load resource: net::ERR_CONNECTION_REFUSED @ http://localhost:3000/_next/static/chunks/0ok1_next_dist_client_components_builtin_global-error_1_0ggnp.js:0
[   36675ms] [ERROR] Failed to load resource: net::ERR_CONNECTION_REFUSED @ http://localhost:3000/favicon.ico:0
